<?xml version="1.0" encoding="UTF-8"?>
<testsuite xmlns:xsi="http://www.w3.org/2001/XMLSchema-instance" xsi:noNamespaceSchemaLocation="https://maven.apache.org/surefire/maven-surefire-plugin/xsd/surefire-test-report.xsd" name="com.example.shopping.ShoppingApplicationTests" time="8.734" tests="1" errors="0" skipped="0" failures="0">
  <properties>
    <property name="sun.desktop" value="windows"/>
    <property name="awt.toolkit" value="sun.awt.windows.WToolkit"/>
    <property name="file.encoding.pkg" value="sun.io"/>
    <property name="java.specification.version" value="1.8"/>
    <property name="sun.cpu.isalist" value="amd64"/>
    <property name="sun.jnu.encoding" value="GBK"/>
    <property name="java.class.path" value="E:\springBoot作业\target\test-classes;E:\springBoot作业\target\classes;E:\maven\apache-maven-3.6.1-bin\localRepository\org\mybatis\spring\boot\mybatis-spring-boot-starter\1.3.2\mybatis-spring-boot-starter-1.3.2.jar;E:\maven\apache-maven-3.6.1-bin\localRepository\org\springframework\boot\spring-boot-starter\2.2.0.RELEASE\spring-boot-starter-2.2.0.RELEASE.jar;E:\maven\apache-maven-3.6.1-bin\localRepository\org\springframework\boot\spring-boot\2.2.0.RELEASE\spring-boot-2.2.0.RELEASE.jar;E:\maven\apache-maven-3.6.1-bin\localRepository\org\springframework\boot\spring-boot-starter-logging\2.2.0.RELEASE\spring-boot-starter-logging-2.2.0.RELEASE.jar;E:\maven\apache-maven-3.6.1-bin\localRepository\ch\qos\logback\logback-classic\1.2.3\logback-classic-1.2.3.jar;E:\maven\apache-maven-3.6.1-bin\localRepository\ch\qos\logback\logback-core\1.2.3\logback-core-1.2.3.jar;E:\maven\apache-maven-3.6.1-bin\localRepository\org\apache\logging\log4j\log4j-to-slf4j\2.12.1\log4j-to-slf4j-2.12.1.jar;E:\maven\apache-maven-3.6.1-bin\localRepository\org\apache\logging\log4j\log4j-api\2.12.1\log4j-api-2.12.1.jar;E:\maven\apache-maven-3.6.1-bin\localRepository\org\slf4j\jul-to-slf4j\1.7.28\jul-to-slf4j-1.7.28.jar;E:\maven\apache-maven-3.6.1-bin\localRepository\jakarta\annotation\jakarta.annotation-api\1.3.5\jakarta.annotation-api-1.3.5.jar;E:\maven\apache-maven-3.6.1-bin\localRepository\org\yaml\snakeyaml\1.25\snakeyaml-1.25.jar;E:\maven\apache-maven-3.6.1-bin\localRepository\org\springframework\boot\spring-boot-starter-jdbc\2.2.0.RELEASE\spring-boot-starter-jdbc-2.2.0.RELEASE.jar;E:\maven\apache-maven-3.6.1-bin\localRepository\com\zaxxer\HikariCP\3.4.1\HikariCP-3.4.1.jar;E:\maven\apache-maven-3.6.1-bin\localRepository\org\springframework\spring-jdbc\5.2.0.RELEASE\spring-jdbc-5.2.0.RELEASE.jar;E:\maven\apache-maven-3.6.1-bin\localRepository\org\springframework\spring-tx\5.2.0.RELEASE\spring-tx-5.2.0.RELEASE.jar;E:\maven\apache-maven-3.6.1-bin\localRepository\org\mybatis\spring\boot\mybatis-spring-boot-autoconfigure\1.3.2\mybatis-spring-boot-autoconfigure-1.3.2.jar;E:\maven\apache-maven-3.6.1-bin\localRepository\org\mybatis\mybatis\3.4.5\mybatis-3.4.5.jar;E:\maven\apache-maven-3.6.1-bin\localRepository\org\mybatis\mybatis-spring\1.3.1\mybatis-spring-1.3.1.jar;E:\maven\apache-maven-3.6.1-bin\localRepository\mysql\mysql-connector-java\8.0.18\mysql-connector-java-8.0.18.jar;E:\maven\apache-maven-3.6.1-bin\localRepository\com\alibaba\druid-spring-boot-starter\1.1.9\druid-spring-boot-starter-1.1.9.jar;E:\maven\apache-maven-3.6.1-bin\localRepository\com\alibaba\druid\1.1.9\druid-1.1.9.jar;E:\maven\apache-maven-3.6.1-bin\localRepository\org\slf4j\slf4j-api\1.7.28\slf4j-api-1.7.28.jar;E:\maven\apache-maven-3.6.1-bin\localRepository\org\springframework\boot\spring-boot-autoconfigure\2.2.0.RELEASE\spring-boot-autoconfigure-2.2.0.RELEASE.jar;E:\maven\apache-maven-3.6.1-bin\localRepository\org\apache\commons\commons-lang3\3.4\commons-lang3-3.4.jar;E:\maven\apache-maven-3.6.1-bin\localRepository\com\fasterxml\jackson\core\jackson-core\2.10.0\jackson-core-2.10.0.jar;E:\maven\apache-maven-3.6.1-bin\localRepository\com\fasterxml\jackson\core\jackson-databind\2.10.0\jackson-databind-2.10.0.jar;E:\maven\apache-maven-3.6.1-bin\localRepository\com\fasterxml\jackson\core\jackson-annotations\2.10.0\jackson-annotations-2.10.0.jar;E:\maven\apache-maven-3.6.1-bin\localRepository\com\fasterxml\jackson\datatype\jackson-datatype-joda\2.10.0\jackson-datatype-joda-2.10.0.jar;E:\maven\apache-maven-3.6.1-bin\localRepository\joda-time\joda-time\2.10.4\joda-time-2.10.4.jar;E:\maven\apache-maven-3.6.1-bin\localRepository\com\fasterxml\jackson\module\jackson-module-parameter-names\2.10.0\jackson-module-parameter-names-2.10.0.jar;E:\maven\apache-maven-3.6.1-bin\localRepository\com\github\pagehelper\pagehelper-spring-boot-starter\1.2.5\pagehelper-spring-boot-starter-1.2.5.jar;E:\maven\apache-maven-3.6.1-bin\localRepository\com\github\pagehelper\pagehelper-spring-boot-autoconfigure\1.2.5\pagehelper-spring-boot-autoconfigure-1.2.5.jar;E:\maven\apache-maven-3.6.1-bin\localRepository\com\github\pagehelper\pagehelper\5.1.4\pagehelper-5.1.4.jar;E:\maven\apache-maven-3.6.1-bin\localRepository\com\github\jsqlparser\jsqlparser\1.0\jsqlparser-1.0.jar;E:\maven\apache-maven-3.6.1-bin\localRepository\org\springframework\boot\spring-boot-starter-thymeleaf\2.2.0.RELEASE\spring-boot-starter-thymeleaf-2.2.0.RELEASE.jar;E:\maven\apache-maven-3.6.1-bin\localRepository\org\thymeleaf\thymeleaf-spring5\3.0.11.RELEASE\thymeleaf-spring5-3.0.11.RELEASE.jar;E:\maven\apache-maven-3.6.1-bin\localRepository\org\thymeleaf\thymeleaf\3.0.11.RELEASE\thymeleaf-3.0.11.RELEASE.jar;E:\maven\apache-maven-3.6.1-bin\localRepository\org\attoparser\attoparser\2.0.5.RELEASE\attoparser-2.0.5.RELEASE.jar;E:\maven\apache-maven-3.6.1-bin\localRepository\org\unbescape\unbescape\1.1.6.RELEASE\unbescape-1.1.6.RELEASE.jar;E:\maven\apache-maven-3.6.1-bin\localRepository\org\thymeleaf\extras\thymeleaf-extras-java8time\3.0.4.RELEASE\thymeleaf-extras-java8time-3.0.4.RELEASE.jar;E:\maven\apache-maven-3.6.1-bin\localRepository\org\springframework\boot\spring-boot-starter-web\2.2.0.RELEASE\spring-boot-starter-web-2.2.0.RELEASE.jar;E:\maven\apache-maven-3.6.1-bin\localRepository\org\springframework\boot\spring-boot-starter-json\2.2.0.RELEASE\spring-boot-starter-json-2.2.0.RELEASE.jar;E:\maven\apache-maven-3.6.1-bin\localRepository\com\fasterxml\jackson\datatype\jackson-datatype-jdk8\2.10.0\jackson-datatype-jdk8-2.10.0.jar;E:\maven\apache-maven-3.6.1-bin\localRepository\com\fasterxml\jackson\datatype\jackson-datatype-jsr310\2.10.0\jackson-datatype-jsr310-2.10.0.jar;E:\maven\apache-maven-3.6.1-bin\localRepository\org\springframework\boot\spring-boot-starter-tomcat\2.2.0.RELEASE\spring-boot-starter-tomcat-2.2.0.RELEASE.jar;E:\maven\apache-maven-3.6.1-bin\localRepository\org\apache\tomcat\embed\tomcat-embed-core\9.0.27\tomcat-embed-core-9.0.27.jar;E:\maven\apache-maven-3.6.1-bin\localRepository\org\apache\tomcat\embed\tomcat-embed-el\9.0.27\tomcat-embed-el-9.0.27.jar;E:\maven\apache-maven-3.6.1-bin\localRepository\org\apache\tomcat\embed\tomcat-embed-websocket\9.0.27\tomcat-embed-websocket-9.0.27.jar;E:\maven\apache-maven-3.6.1-bin\localRepository\org\springframework\boot\spring-boot-starter-validation\2.2.0.RELEASE\spring-boot-starter-validation-2.2.0.RELEASE.jar;E:\maven\apache-maven-3.6.1-bin\localRepository\jakarta\validation\jakarta.validation-api\2.0.1\jakarta.validation-api-2.0.1.jar;E:\maven\apache-maven-3.6.1-bin\localRepository\org\hibernate\validator\hibernate-validator\6.0.17.Final\hibernate-validator-6.0.17.Final.jar;E:\maven\apache-maven-3.6.1-bin\localRepository\org\jboss\logging\jboss-logging\3.4.1.Final\jboss-logging-3.4.1.Final.jar;E:\maven\apache-maven-3.6.1-bin\localRepository\com\fasterxml\classmate\1.5.0\classmate-1.5.0.jar;E:\maven\apache-maven-3.6.1-bin\localRepository\org\springframework\spring-web\5.2.0.RELEASE\spring-web-5.2.0.RELEASE.jar;E:\maven\apache-maven-3.6.1-bin\localRepository\org\springframework\spring-beans\5.2.0.RELEASE\spring-beans-5.2.0.RELEASE.jar;E:\maven\apache-maven-3.6.1-bin\localRepository\org\springframework\spring-webmvc\5.2.0.RELEASE\spring-webmvc-5.2.0.RELEASE.jar;E:\maven\apache-maven-3.6.1-bin\localRepository\org\springframework\spring-aop\5.2.0.RELEASE\spring-aop-5.2.0.RELEASE.jar;E:\maven\apache-maven-3.6.1-bin\localRepository\org\springframework\spring-context\5.2.0.RELEASE\spring-context-5.2.0.RELEASE.jar;E:\maven\apache-maven-3.6.1-bin\localRepository\org\springframework\spring-expression\5.2.0.RELEASE\spring-expression-5.2.0.RELEASE.jar;E:\maven\apache-maven-3.6.1-bin\localRepository\org\springframework\boot\spring-boot-starter-test\2.2.0.RELEASE\spring-boot-starter-test-2.2.0.RELEASE.jar;E:\maven\apache-maven-3.6.1-bin\localRepository\org\springframework\boot\spring-boot-test\2.2.0.RELEASE\spring-boot-test-2.2.0.RELEASE.jar;E:\maven\apache-maven-3.6.1-bin\localRepository\org\springframework\boot\spring-boot-test-autoconfigure\2.2.0.RELEASE\spring-boot-test-autoconfigure-2.2.0.RELEASE.jar;E:\maven\apache-maven-3.6.1-bin\localRepository\com\jayway\jsonpath\json-path\2.4.0\json-path-2.4.0.jar;E:\maven\apache-maven-3.6.1-bin\localRepository\net\minidev\json-smart\2.3\json-smart-2.3.jar;E:\maven\apache-maven-3.6.1-bin\localRepository\net\minidev\accessors-smart\1.2\accessors-smart-1.2.jar;E:\maven\apache-maven-3.6.1-bin\localRepository\org\ow2\asm\asm\5.0.4\asm-5.0.4.jar;E:\maven\apache-maven-3.6.1-bin\localRepository\jakarta\xml\bind\jakarta.xml.bind-api\2.3.2\jakarta.xml.bind-api-2.3.2.jar;E:\maven\apache-maven-3.6.1-bin\localRepository\jakarta\activation\jakarta.activation-api\1.2.1\jakarta.activation-api-1.2.1.jar;E:\maven\apache-maven-3.6.1-bin\localRepository\org\junit\jupiter\junit-jupiter\5.5.2\junit-jupiter-5.5.2.jar;E:\maven\apache-maven-3.6.1-bin\localRepository\org\junit\jupiter\junit-jupiter-api\5.5.2\junit-jupiter-api-5.5.2.jar;E:\maven\apache-maven-3.6.1-bin\localRepository\org\apiguardian\apiguardian-api\1.1.0\apiguardian-api-1.1.0.jar;E:\maven\apache-maven-3.6.1-bin\localRepository\org\opentest4j\opentest4j\1.2.0\opentest4j-1.2.0.jar;E:\maven\apache-maven-3.6.1-bin\localRepository\org\junit\platform\junit-platform-commons\1.5.2\junit-platform-commons-1.5.2.jar;E:\maven\apache-maven-3.6.1-bin\localRepository\org\junit\jupiter\junit-jupiter-params\5.5.2\junit-jupiter-params-5.5.2.jar;E:\maven\apache-maven-3.6.1-bin\localRepository\org\junit\jupiter\junit-jupiter-engine\5.5.2\junit-jupiter-engine-5.5.2.jar;E:\maven\apache-maven-3.6.1-bin\localRepository\org\junit\platform\junit-platform-engine\1.5.2\junit-platform-engine-1.5.2.jar;E:\maven\apache-maven-3.6.1-bin\localRepository\org\mockito\mockito-junit-jupiter\3.1.0\mockito-junit-jupiter-3.1.0.jar;E:\maven\apache-maven-3.6.1-bin\localRepository\org\assertj\assertj-core\3.13.2\assertj-core-3.13.2.jar;E:\maven\apache-maven-3.6.1-bin\localRepository\org\hamcrest\hamcrest\2.1\hamcrest-2.1.jar;E:\maven\apache-maven-3.6.1-bin\localRepository\org\mockito\mockito-core\3.1.0\mockito-core-3.1.0.jar;E:\maven\apache-maven-3.6.1-bin\localRepository\net\bytebuddy\byte-buddy\1.10.1\byte-buddy-1.10.1.jar;E:\maven\apache-maven-3.6.1-bin\localRepository\net\bytebuddy\byte-buddy-agent\1.10.1\byte-buddy-agent-1.10.1.jar;E:\maven\apache-maven-3.6.1-bin\localRepository\org\objenesis\objenesis\2.6\objenesis-2.6.jar;E:\maven\apache-maven-3.6.1-bin\localRepository\org\skyscreamer\jsonassert\1.5.0\jsonassert-1.5.0.jar;E:\maven\apache-maven-3.6.1-bin\localRepository\com\vaadin\external\google\android-json\0.0.20131108.vaadin1\android-json-0.0.20131108.vaadin1.jar;E:\maven\apache-maven-3.6.1-bin\localRepository\org\springframework\spring-core\5.2.0.RELEASE\spring-core-5.2.0.RELEASE.jar;E:\maven\apache-maven-3.6.1-bin\localRepository\org\springframework\spring-jcl\5.2.0.RELEASE\spring-jcl-5.2.0.RELEASE.jar;E:\maven\apache-maven-3.6.1-bin\localRepository\org\springframework\spring-test\5.2.0.RELEASE\spring-test-5.2.0.RELEASE.jar;E:\maven\apache-maven-3.6.1-bin\localRepository\org\xmlunit\xmlunit-core\2.6.3\xmlunit-core-2.6.3.jar;"/>
    <property name="java.vm.vendor" value="Oracle Corporation"/>
    <property name="sun.arch.data.model" value="64"/>
    <property name="user.variant" value=""/>
    <property name="java.vendor.url" value="http://java.oracle.com/"/>
    <property name="user.timezone" value="Asia/Shanghai"/>
    <property name="java.vm.specification.version" value="1.8"/>
    <property name="os.name" value="Windows 10"/>
    <property name="user.country" value="CN"/>
    <property name="sun.java.launcher" value="SUN_STANDARD"/>
    <property name="sun.boot.library.path" value="C:\Program Files\Java\jdk1.8.0_211\jre\bin"/>
    <property name="sun.java.command" value="C:\Users\754727~1\AppData\Local\Temp\surefire3711939259457734253\surefirebooter7680925003995154406.jar C:\Users\754727082\AppData\Local\Temp\surefire3711939259457734253 2019-11-02T15-39-10_692-jvmRun1 surefire4449586906289951558tmp surefire_08562113281098028632tmp"/>
    <property name="surefire.test.class.path" value="E:\springBoot作业\target\test-classes;E:\springBoot作业\target\classes;E:\maven\apache-maven-3.6.1-bin\localRepository\org\mybatis\spring\boot\mybatis-spring-boot-starter\1.3.2\mybatis-spring-boot-starter-1.3.2.jar;E:\maven\apache-maven-3.6.1-bin\localRepository\org\springframework\boot\spring-boot-starter\2.2.0.RELEASE\spring-boot-starter-2.2.0.RELEASE.jar;E:\maven\apache-maven-3.6.1-bin\localRepository\org\springframework\boot\spring-boot\2.2.0.RELEASE\spring-boot-2.2.0.RELEASE.jar;E:\maven\apache-maven-3.6.1-bin\localRepository\org\springframework\boot\spring-boot-starter-logging\2.2.0.RELEASE\spring-boot-starter-logging-2.2.0.RELEASE.jar;E:\maven\apache-maven-3.6.1-bin\localRepository\ch\qos\logback\logback-classic\1.2.3\logback-classic-1.2.3.jar;E:\maven\apache-maven-3.6.1-bin\localRepository\ch\qos\logback\logback-core\1.2.3\logback-core-1.2.3.jar;E:\maven\apache-maven-3.6.1-bin\localRepository\org\apache\logging\log4j\log4j-to-slf4j\2.12.1\log4j-to-slf4j-2.12.1.jar;E:\maven\apache-maven-3.6.1-bin\localRepository\org\apache\logging\log4j\log4j-api\2.12.1\log4j-api-2.12.1.jar;E:\maven\apache-maven-3.6.1-bin\localRepository\org\slf4j\jul-to-slf4j\1.7.28\jul-to-slf4j-1.7.28.jar;E:\maven\apache-maven-3.6.1-bin\localRepository\jakarta\annotation\jakarta.annotation-api\1.3.5\jakarta.annotation-api-1.3.5.jar;E:\maven\apache-maven-3.6.1-bin\localRepository\org\yaml\snakeyaml\1.25\snakeyaml-1.25.jar;E:\maven\apache-maven-3.6.1-bin\localRepository\org\springframework\boot\spring-boot-starter-jdbc\2.2.0.RELEASE\spring-boot-starter-jdbc-2.2.0.RELEASE.jar;E:\maven\apache-maven-3.6.1-bin\localRepository\com\zaxxer\HikariCP\3.4.1\HikariCP-3.4.1.jar;E:\maven\apache-maven-3.6.1-bin\localRepository\org\springframework\spring-jdbc\5.2.0.RELEASE\spring-jdbc-5.2.0.RELEASE.jar;E:\maven\apache-maven-3.6.1-bin\localRepository\org\springframework\spring-tx\5.2.0.RELEASE\spring-tx-5.2.0.RELEASE.jar;E:\maven\apache-maven-3.6.1-bin\localRepository\org\mybatis\spring\boot\mybatis-spring-boot-autoconfigure\1.3.2\mybatis-spring-boot-autoconfigure-1.3.2.jar;E:\maven\apache-maven-3.6.1-bin\localRepository\org\mybatis\mybatis\3.4.5\mybatis-3.4.5.jar;E:\maven\apache-maven-3.6.1-bin\localRepository\org\mybatis\mybatis-spring\1.3.1\mybatis-spring-1.3.1.jar;E:\maven\apache-maven-3.6.1-bin\localRepository\mysql\mysql-connector-java\8.0.18\mysql-connector-java-8.0.18.jar;E:\maven\apache-maven-3.6.1-bin\localRepository\com\alibaba\druid-spring-boot-starter\1.1.9\druid-spring-boot-starter-1.1.9.jar;E:\maven\apache-maven-3.6.1-bin\localRepository\com\alibaba\druid\1.1.9\druid-1.1.9.jar;E:\maven\apache-maven-3.6.1-bin\localRepository\org\slf4j\slf4j-api\1.7.28\slf4j-api-1.7.28.jar;E:\maven\apache-maven-3.6.1-bin\localRepository\org\springframework\boot\spring-boot-autoconfigure\2.2.0.RELEASE\spring-boot-autoconfigure-2.2.0.RELEASE.jar;E:\maven\apache-maven-3.6.1-bin\localRepository\org\apache\commons\commons-lang3\3.4\commons-lang3-3.4.jar;E:\maven\apache-maven-3.6.1-bin\localRepository\com\fasterxml\jackson\core\jackson-core\2.10.0\jackson-core-2.10.0.jar;E:\maven\apache-maven-3.6.1-bin\localRepository\com\fasterxml\jackson\core\jackson-databind\2.10.0\jackson-databind-2.10.0.jar;E:\maven\apache-maven-3.6.1-bin\localRepository\com\fasterxml\jackson\core\jackson-annotations\2.10.0\jackson-annotations-2.10.0.jar;E:\maven\apache-maven-3.6.1-bin\localRepository\com\fasterxml\jackson\datatype\jackson-datatype-joda\2.10.0\jackson-datatype-joda-2.10.0.jar;E:\maven\apache-maven-3.6.1-bin\localRepository\joda-time\joda-time\2.10.4\joda-time-2.10.4.jar;E:\maven\apache-maven-3.6.1-bin\localRepository\com\fasterxml\jackson\module\jackson-module-parameter-names\2.10.0\jackson-module-parameter-names-2.10.0.jar;E:\maven\apache-maven-3.6.1-bin\localRepository\com\github\pagehelper\pagehelper-spring-boot-starter\1.2.5\pagehelper-spring-boot-starter-1.2.5.jar;E:\maven\apache-maven-3.6.1-bin\localRepository\com\github\pagehelper\pagehelper-spring-boot-autoconfigure\1.2.5\pagehelper-spring-boot-autoconfigure-1.2.5.jar;E:\maven\apache-maven-3.6.1-bin\localRepository\com\github\pagehelper\pagehelper\5.1.4\pagehelper-5.1.4.jar;E:\maven\apache-maven-3.6.1-bin\localRepository\com\github\jsqlparser\jsqlparser\1.0\jsqlparser-1.0.jar;E:\maven\apache-maven-3.6.1-bin\localRepository\org\springframework\boot\spring-boot-starter-thymeleaf\2.2.0.RELEASE\spring-boot-starter-thymeleaf-2.2.0.RELEASE.jar;E:\maven\apache-maven-3.6.1-bin\localRepository\org\thymeleaf\thymeleaf-spring5\3.0.11.RELEASE\thymeleaf-spring5-3.0.11.RELEASE.jar;E:\maven\apache-maven-3.6.1-bin\localRepository\org\thymeleaf\thymeleaf\3.0.11.RELEASE\thymeleaf-3.0.11.RELEASE.jar;E:\maven\apache-maven-3.6.1-bin\localRepository\org\attoparser\attoparser\2.0.5.RELEASE\attoparser-2.0.5.RELEASE.jar;E:\maven\apache-maven-3.6.1-bin\localRepository\org\unbescape\unbescape\1.1.6.RELEASE\unbescape-1.1.6.RELEASE.jar;E:\maven\apache-maven-3.6.1-bin\localRepository\org\thymeleaf\extras\thymeleaf-extras-java8time\3.0.4.RELEASE\thymeleaf-extras-java8time-3.0.4.RELEASE.jar;E:\maven\apache-maven-3.6.1-bin\localRepository\org\springframework\boot\spring-boot-starter-web\2.2.0.RELEASE\spring-boot-starter-web-2.2.0.RELEASE.jar;E:\maven\apache-maven-3.6.1-bin\localRepository\org\springframework\boot\spring-boot-starter-json\2.2.0.RELEASE\spring-boot-starter-json-2.2.0.RELEASE.jar;E:\maven\apache-maven-3.6.1-bin\localRepository\com\fasterxml\jackson\datatype\jackson-datatype-jdk8\2.10.0\jackson-datatype-jdk8-2.10.0.jar;E:\maven\apache-maven-3.6.1-bin\localRepository\com\fasterxml\jackson\datatype\jackson-datatype-jsr310\2.10.0\jackson-datatype-jsr310-2.10.0.jar;E:\maven\apache-maven-3.6.1-bin\localRepository\org\springframework\boot\spring-boot-starter-tomcat\2.2.0.RELEASE\spring-boot-starter-tomcat-2.2.0.RELEASE.jar;E:\maven\apache-maven-3.6.1-bin\localRepository\org\apache\tomcat\embed\tomcat-embed-core\9.0.27\tomcat-embed-core-9.0.27.jar;E:\maven\apache-maven-3.6.1-bin\localRepository\org\apache\tomcat\embed\tomcat-embed-el\9.0.27\tomcat-embed-el-9.0.27.jar;E:\maven\apache-maven-3.6.1-bin\localRepository\org\apache\tomcat\embed\tomcat-embed-websocket\9.0.27\tomcat-embed-websocket-9.0.27.jar;E:\maven\apache-maven-3.6.1-bin\localRepository\org\springframework\boot\spring-boot-starter-validation\2.2.0.RELEASE\spring-boot-starter-validation-2.2.0.RELEASE.jar;E:\maven\apache-maven-3.6.1-bin\localRepository\jakarta\validation\jakarta.validation-api\2.0.1\jakarta.validation-api-2.0.1.jar;E:\maven\apache-maven-3.6.1-bin\localRepository\org\hibernate\validator\hibernate-validator\6.0.17.Final\hibernate-validator-6.0.17.Final.jar;E:\maven\apache-maven-3.6.1-bin\localRepository\org\jboss\logging\jboss-logging\3.4.1.Final\jboss-logging-3.4.1.Final.jar;E:\maven\apache-maven-3.6.1-bin\localRepository\com\fasterxml\classmate\1.5.0\classmate-1.5.0.jar;E:\maven\apache-maven-3.6.1-bin\localRepository\org\springframework\spring-web\5.2.0.RELEASE\spring-web-5.2.0.RELEASE.jar;E:\maven\apache-maven-3.6.1-bin\localRepository\org\springframework\spring-beans\5.2.0.RELEASE\spring-beans-5.2.0.RELEASE.jar;E:\maven\apache-maven-3.6.1-bin\localRepository\org\springframework\spring-webmvc\5.2.0.RELEASE\spring-webmvc-5.2.0.RELEASE.jar;E:\maven\apache-maven-3.6.1-bin\localRepository\org\springframework\spring-aop\5.2.0.RELEASE\spring-aop-5.2.0.RELEASE.jar;E:\maven\apache-maven-3.6.1-bin\localRepository\org\springframework\spring-context\5.2.0.RELEASE\spring-context-5.2.0.RELEASE.jar;E:\maven\apache-maven-3.6.1-bin\localRepository\org\springframework\spring-expression\5.2.0.RELEASE\spring-expression-5.2.0.RELEASE.jar;E:\maven\apache-maven-3.6.1-bin\localRepository\org\springframework\boot\spring-boot-starter-test\2.2.0.RELEASE\spring-boot-starter-test-2.2.0.RELEASE.jar;E:\maven\apache-maven-3.6.1-bin\localRepository\org\springframework\boot\spring-boot-test\2.2.0.RELEASE\spring-boot-test-2.2.0.RELEASE.jar;E:\maven\apache-maven-3.6.1-bin\localRepository\org\springframework\boot\spring-boot-test-autoconfigure\2.2.0.RELEASE\spring-boot-test-autoconfigure-2.2.0.RELEASE.jar;E:\maven\apache-maven-3.6.1-bin\localRepository\com\jayway\jsonpath\json-path\2.4.0\json-path-2.4.0.jar;E:\maven\apache-maven-3.6.1-bin\localRepository\net\minidev\json-smart\2.3\json-smart-2.3.jar;E:\maven\apache-maven-3.6.1-bin\localRepository\net\minidev\accessors-smart\1.2\accessors-smart-1.2.jar;E:\maven\apache-maven-3.6.1-bin\localRepository\org\ow2\asm\asm\5.0.4\asm-5.0.4.jar;E:\maven\apache-maven-3.6.1-bin\localRepository\jakarta\xml\bind\jakarta.xml.bind-api\2.3.2\jakarta.xml.bind-api-2.3.2.jar;E:\maven\apache-maven-3.6.1-bin\localRepository\jakarta\activation\jakarta.activation-api\1.2.1\jakarta.activation-api-1.2.1.jar;E:\maven\apache-maven-3.6.1-bin\localRepository\org\junit\jupiter\junit-jupiter\5.5.2\junit-jupiter-5.5.2.jar;E:\maven\apache-maven-3.6.1-bin\localRepository\org\junit\jupiter\junit-jupiter-api\5.5.2\junit-jupiter-api-5.5.2.jar;E:\maven\apache-maven-3.6.1-bin\localRepository\org\apiguardian\apiguardian-api\1.1.0\apiguardian-api-1.1.0.jar;E:\maven\apache-maven-3.6.1-bin\localRepository\org\opentest4j\opentest4j\1.2.0\opentest4j-1.2.0.jar;E:\maven\apache-maven-3.6.1-bin\localRepository\org\junit\platform\junit-platform-commons\1.5.2\junit-platform-commons-1.5.2.jar;E:\maven\apache-maven-3.6.1-bin\localRepository\org\junit\jupiter\junit-jupiter-params\5.5.2\junit-jupiter-params-5.5.2.jar;E:\maven\apache-maven-3.6.1-bin\localRepository\org\junit\jupiter\junit-jupiter-engine\5.5.2\junit-jupiter-engine-5.5.2.jar;E:\maven\apache-maven-3.6.1-bin\localRepository\org\junit\platform\junit-platform-engine\1.5.2\junit-platform-engine-1.5.2.jar;E:\maven\apache-maven-3.6.1-bin\localRepository\org\mockito\mockito-junit-jupiter\3.1.0\mockito-junit-jupiter-3.1.0.jar;E:\maven\apache-maven-3.6.1-bin\localRepository\org\assertj\assertj-core\3.13.2\assertj-core-3.13.2.jar;E:\maven\apache-maven-3.6.1-bin\localRepository\org\hamcrest\hamcrest\2.1\hamcrest-2.1.jar;E:\maven\apache-maven-3.6.1-bin\localRepository\org\mockito\mockito-core\3.1.0\mockito-core-3.1.0.jar;E:\maven\apache-maven-3.6.1-bin\localRepository\net\bytebuddy\byte-buddy\1.10.1\byte-buddy-1.10.1.jar;E:\maven\apache-maven-3.6.1-bin\localRepository\net\bytebuddy\byte-buddy-agent\1.10.1\byte-buddy-agent-1.10.1.jar;E:\maven\apache-maven-3.6.1-bin\localRepository\org\objenesis\objenesis\2.6\objenesis-2.6.jar;E:\maven\apache-maven-3.6.1-bin\localRepository\org\skyscreamer\jsonassert\1.5.0\jsonassert-1.5.0.jar;E:\maven\apache-maven-3.6.1-bin\localRepository\com\vaadin\external\google\android-json\0.0.20131108.vaadin1\android-json-0.0.20131108.vaadin1.jar;E:\maven\apache-maven-3.6.1-bin\localRepository\org\springframework\spring-core\5.2.0.RELEASE\spring-core-5.2.0.RELEASE.jar;E:\maven\apache-maven-3.6.1-bin\localRepository\org\springframework\spring-jcl\5.2.0.RELEASE\spring-jcl-5.2.0.RELEASE.jar;E:\maven\apache-maven-3.6.1-bin\localRepository\org\springframework\spring-test\5.2.0.RELEASE\spring-test-5.2.0.RELEASE.jar;E:\maven\apache-maven-3.6.1-bin\localRepository\org\xmlunit\xmlunit-core\2.6.3\xmlunit-core-2.6.3.jar;"/>
    <property name="sun.cpu.endian" value="little"/>
    <property name="user.home" value="C:\Users\754727082"/>
    <property name="user.language" value="zh"/>
    <property name="java.specification.vendor" value="Oracle Corporation"/>
    <property name="java.home" value="C:\Program Files\Java\jdk1.8.0_211\jre"/>
    <property name="basedir" value="E:\springBoot作业"/>
    <property name="file.separator" value="\"/>
    <property name="line.separator" value="&#10;"/>
    <property name="java.vm.specification.vendor" value="Oracle Corporation"/>
    <property name="java.specification.name" value="Java Platform API Specification"/>
    <property name="java.awt.graphicsenv" value="sun.awt.Win32GraphicsEnvironment"/>
    <property name="surefire.real.class.path" value="C:\Users\754727~1\AppData\Local\Temp\surefire3711939259457734253\surefirebooter7680925003995154406.jar"/>
    <property name="sun.boot.class.path" value="C:\Program Files\Java\jdk1.8.0_211\jre\lib\resources.jar;C:\Program Files\Java\jdk1.8.0_211\jre\lib\rt.jar;C:\Program Files\Java\jdk1.8.0_211\jre\lib\sunrsasign.jar;C:\Program Files\Java\jdk1.8.0_211\jre\lib\jsse.jar;C:\Program Files\Java\jdk1.8.0_211\jre\lib\jce.jar;C:\Program Files\Java\jdk1.8.0_211\jre\lib\charsets.jar;C:\Program Files\Java\jdk1.8.0_211\jre\lib\jfr.jar;C:\Program Files\Java\jdk1.8.0_211\jre\classes"/>
    <property name="user.script" value=""/>
    <property name="sun.management.compiler" value="HotSpot 64-Bit Tiered Compilers"/>
    <property name="java.runtime.version" value="1.8.0_211-b12"/>
    <property name="user.name" value="754727082"/>
    <property name="path.separator" value=";"/>
    <property name="os.version" value="10.0"/>
    <property name="java.endorsed.dirs" value="C:\Program Files\Java\jdk1.8.0_211\jre\lib\endorsed"/>
    <property name="java.runtime.name" value="Java(TM) SE Runtime Environment"/>
    <property name="file.encoding" value="GBK"/>
    <property name="java.vm.name" value="Java HotSpot(TM) 64-Bit Server VM"/>
    <property name="localRepository" value="E:\maven\apache-maven-3.6.1-bin\localRepository"/>
    <property name="java.vendor.url.bug" value="http://bugreport.sun.com/bugreport/"/>
    <property name="java.io.tmpdir" value="C:\Users\754727~1\AppData\Local\Temp\"/>
    <property name="java.version" value="1.8.0_211"/>
    <property name="user.dir" value="E:\springBoot作业"/>
    <property name="os.arch" value="amd64"/>
    <property name="java.vm.specification.name" value="Java Virtual Machine Specification"/>
    <property name="java.awt.printerjob" value="sun.awt.windows.WPrinterJob"/>
    <property name="idea.version2019.1.3" value="true"/>
    <property name="sun.os.patch.level" value=""/>
    <property name="java.library.path" value="C:\Program Files\Java\jdk1.8.0_211\jre\bin;C:\WINDOWS\Sun\Java\bin;C:\WINDOWS\system32;C:\WINDOWS;C:\Program Files (x86)\Common Files\Oracle\Java\javapath;C:\WINDOWS\system32;C:\WINDOWS;C:\WINDOWS\System32\Wbem;C:\WINDOWS\System32\WindowsPowerShell\v1.0\;C:\WINDOWS\System32\OpenSSH\;C:\Program Files (x86)\MySQL\MySQL Server 5.5\bin;&quot;;C:\Program Files\Java\jdk1.8.0_211\bin&quot;;E:\maven\apache-maven-3.6.1-bin\apache-maven-3.6.1\bin;C:\Users\754727082\AppData\Local\Microsoft\WindowsApps;;."/>
    <property name="java.vm.info" value="mixed mode"/>
    <property name="java.vendor" value="Oracle Corporation"/>
    <property name="java.vm.version" value="25.211-b12"/>
    <property name="java.ext.dirs" value="C:\Program Files\Java\jdk1.8.0_211\jre\lib\ext;C:\WINDOWS\Sun\Java\lib\ext"/>
    <property name="sun.io.unicode.encoding" value="UnicodeLittle"/>
    <property name="maven.repo.local" value="E:\maven\apache-maven-3.6.1-bin\localRepository"/>
    <property name="java.class.version" value="52.0"/>
  </properties>
  <testcase name="contextLoads" classname="com.example.shopping.ShoppingApplicationTests" time="0.359"/>
</testsuite>